Stepped to 38,26 in Red
Glimpsed 153 new tiles in Red
Stepped to 37,26 in Red
Glimpsed 7 new tiles in Red
Stepped to 38,26 in Red
Glimpsed 6 new tiles in Red
Stepped to 38,25 in Red
Glimpsed 2 new tiles in Red
Stepped to 37,25 in Red
Glimpsed 4 new tiles in Red
Stepped to 37,26 in Red
Glimpsed 3 new tiles in Red
Stepped to 36,26 in Red
Glimpsed 3 new tiles in Red
Stepped to 36,25 in Red
Glimpsed 2 new tiles in Red
Stepped to 35,25 in Red
Glimpsed 1 new tiles in Red
Stepped to 35,26 in Red
Glimpsed 4 new tiles in Red
Stepped to 35,27 in Red
Glimpsed 2 new tiles in Red
Stepped to 35,28 in Red
Stepped to 36,28 in Red
Glimpsed 15 new tiles in Red
Blocked at 36,29
Blocked at 36,29
Stepped to 37,28 in Red
Glimpsed 28 new tiles in Red
Stepped to 37,29 in Red
Glimpsed 24 new tiles in Red
Blocked at 38,29
Stepped to 37,30 in Red
Glimpsed 57 new tiles in Red
Stepped to 37,31 in Red
Stepped to 37,32 in Red
Stepped to 38,32 in Red
Glimpsed 6 new tiles in Red
Stepped to 39,32 in Red
Glimpsed 4 new tiles in Red
Stepped to 40,32 in Red
Glimpsed 6 new tiles in Red
Stepped to 41,32 in Red
Glimpsed 8 new tiles in Red
Stepped to 42,32 in Red
Glimpsed 6 new tiles in Red
Blocked at 43,32
Stepped to 42,33 in Red
Glimpsed 6 new tiles in Red
Stepped to 42,34 in Red
Glimpsed 11 new tiles in Red
Stepped to 42,35 in Red
Glimpsed 32 new tiles in Red
Stepped to 42,36 in Red
Glimpsed 33 new tiles in Red
Stepped to 42,37 in Red
Glimpsed 5 new tiles in Red
Stepped to 42,36 in Red
Glimpsed 2 new tiles in Red
Stepped to 42,35 in Red
Glimpsed 12 new tiles in Red
Stepped to 42,34 in Red
Glimpsed 33 new tiles in Red
Stepped to 42,33 in Red
Glimpsed 1 new tiles in Red
Stepped to 42,32 in Red
Glimpsed 1 new tiles in Red
Stepped to 42,31 in Red
Glimpsed 1 new tiles in Red
Stepped to 41,31 in Red
Glimpsed 12 new tiles in Red
Stepped to 40,31 in Red
Glimpsed 12 new tiles in Red
Stepped to 39,31 in Red
Glimpsed 12 new tiles in Red
Stepped to 38,31 in Red
Glimpsed 19 new tiles in Red
Stepped to 37,31 in Red
Glimpsed 15 new tiles in Red
Stepped to 36,31 in Red
Glimpsed 7 new tiles in Red
Stepped to 35,31 in Red
Glimpsed 5 new tiles in Red
Stepped to 34,31 in Red
Glimpsed 2 new tiles in Red
Stepped to 33,31 in Red
Glimpsed 1 new tiles in Red
Stepped to 32,31 in Red
Stepped to 32,30 in Red
Glimpsed 13 new tiles in Red
Stepped to 31,30 in Red
Glimpsed 3 new tiles in Red
Stepped to 30,30 in Red
Glimpsed 3 new tiles in Red
Stepped to 29,30 in Red
Glimpsed 3 new tiles in Red
Stepped to 28,30 in Red
Glimpsed 3 new tiles in Red
Stepped to 29,30 in Red
Glimpsed 7 new tiles in Red
Stepped to 30,30 in Red
Glimpsed 18 new tiles in Red
Stepped to 29,30 in Red
Glimpsed 3 new tiles in Red
Stepped to 28,30 in Red
Glimpsed 3 new tiles in Red
Stepped to 27,30 in Red
Glimpsed 3 new tiles in Red
Stepped to 26,30 in Red
Glimpsed 3 new tiles in Red
Stepped to 25,30 in Red
Glimpsed 3 new tiles in Red
Stepped to 24,30 in Red
Glimpsed 3 new tiles in Red
Stepped to 23,30 in Red
Glimpsed 3 new tiles in Red
Stepped to 22,30 in Red
Glimpsed 3 new tiles in Red
Stepped to 21,30 in Red
Glimpsed 5 new tiles in Red
Stepped to 20,30 in Red
Glimpsed 11 new tiles in Red
Stepped to 19,30 in Red
Glimpsed 33 new tiles in Red
Stepped to 18,30 in Red
Glimpsed 40 new tiles in Red
Stepped to 17,30 in Red
Glimpsed 11 new tiles in Red
Stepped to 16,30 in Red
Glimpsed 13 new tiles in Red
Stepped to 16,29 in Red
Glimpsed 1 new tiles in Red
Stepped to 15,29 in Red
Glimpsed 13 new tiles in Red
Stepped to 14,29 in Red
Glimpsed 16 new tiles in Red
Stepped to 13,29 in Red
Glimpsed 15 new tiles in Red
Stepped to 12,29 in Red
Glimpsed 6 new tiles in Red
Stepped to 12,28 in Red
Glimpsed 1 new tiles in Red
Stepped to 12,27 in Red
Stepped to 12,26 in Red
Blocked at 12,25
Stepped to 13,26 in Red
Glimpsed 25 new tiles in Red
Stepped to 13,25 in Red
Glimpsed 3 new tiles in Red
Stepped to 13,24 in Red
Glimpsed 3 new tiles in Red
Stepped to 13,23 in Red
Glimpsed 3 new tiles in Red
Stepped to 13,22 in Red
Glimpsed 3 new tiles in Red
Stepped to 13,21 in Red
Glimpsed 3 new tiles in Red
Stepped to 13,20 in Red
Glimpsed 3 new tiles in Red
Stepped to 13,19 in Red
Glimpsed 2 new tiles in Red
Stepped to 13,18 in Red
Glimpsed 5 new tiles in Red
Stepped to 13,17 in Red
Glimpsed 17 new tiles in Red
Stepped to 13,16 in Red
Glimpsed 38 new tiles in Red
Stepped to 13,15 in Red
Glimpsed 8 new tiles in Red
Stepped to 12,15 in Red
Glimpsed 25 new tiles in Red
Stepped to 11,15 in Red
Glimpsed 13 new tiles in Red
Stepped to 10,15 in Red
Glimpsed 10 new tiles in Red
Stepped to 9,15 in Red
Glimpsed 12 new tiles in Red
Stepped to 9,16 in Red
Cinder Wolf claws you for 3
Cinder Wolf claws you for 3
Ember Imp claws you for 2
Blocked at 9,17
Cinder Wolf claws you for 3
Ember Imp claws you for 2
Cinder Wolf claws you for 3
Ember Imp claws you for 2
!! Vitality critical !!
You strike Cinder Wolf for 4
Cinder Wolf claws you for 3
Ember Imp claws you for 2
Your spectrum shatters. Press R to restart or Esc to quit.
Cinder Wolf claws you for 3
Ember Imp claws you for 2